<?xml version="1.0" encoding="UTF-8"?>
<!-- Generated by org.testng.reporters.JUnitXMLReporter -->
<testsuite ignored="0" hostname="DESKTOP-6UVJGEU" failures="0" tests="3" name="Surefire test" time="0.702" errors="0" timestamp="2021-11-07T21:57:19 GMT-05:00">
  <testcase classname="Guru99.TestingGuru" name="@BeforeMethod beforeMethod" time="0.434">
    <failure type="java.lang.IllegalStateException" message="The driver executable does not exist: C:\Users\subha\Downloads\Anjali\chromedriver_win32\chromedriver.exe">
      <![CDATA[java.lang.IllegalStateException: The driver executable does not exist: C:\Users\subha\Downloads\Anjali\chromedriver_win32\chromedriver.exe
at com.google.common.base.Preconditions.checkState(Preconditions.java:585)
at org.openqa.selenium.remote.service.DriverService.checkExecutable(DriverService.java:146)
at org.openqa.selenium.remote.service.DriverService.findExecutable(DriverService.java:141)
at org.openqa.selenium.chrome.ChromeDriverService.access$000(ChromeDriverService.java:35)
at org.openqa.selenium.chrome.ChromeDriverService$Builder.findDefaultExecutable(ChromeDriverService.java:159)
at org.openqa.selenium.remote.service.DriverService$Builder.build(DriverService.java:355)
at org.openqa.selenium.chrome.ChromeDriverService.createDefaultService(ChromeDriverService.java:94)
at org.openqa.selenium.chrome.ChromeDriver.<init>(ChromeDriver.java:123)
at MyUtilty.Invokebr.openbrowser(Invokebr.java:14)
at Guru99.TestingGuru.beforeMethod(TestingGuru.java:57)
at java.base/java.util.ArrayList.forEach(ArrayList.java:1541)
... Removed 35 stack frames]]>
    </failure>
  </testcase> <!-- @BeforeMethod beforeMethod -->
  <testcase classname="Guru99.TestingGuru" name="@AfterMethod afterMethod" time="-1.636340238663E9">
    <skipped/>
  </testcase> <!-- @AfterMethod afterMethod -->
  <testcase classname="Guru99.TestingGuru" name="@BeforeMethod beforeMethod" time="-1.636340238667E9">
    <skipped/>
  </testcase> <!-- @BeforeMethod beforeMethod -->
  <testcase classname="Guru99.TestingGuru" name="@AfterMethod afterMethod" time="-1.636340238669E9">
    <skipped/>
  </testcase> <!-- @AfterMethod afterMethod -->
  <testcase classname="Guru99.TestingGuru" name="@BeforeMethod beforeMethod" time="-1.636340238671E9">
    <skipped/>
  </testcase> <!-- @BeforeMethod beforeMethod -->
  <testcase classname="Guru99.TestingGuru" name="@AfterMethod afterMethod" time="-1.636340238673E9">
    <skipped/>
  </testcase> <!-- @AfterMethod afterMethod -->
  <testcase classname="Guru99.TestingGuru" name="homepage_elements" time="0.0">
    <skipped/>
  </testcase> <!-- homepage_elements -->
  <testcase classname="Guru99.TestingGuru" name="loginwithvaliduser" time="0.0">
    <skipped/>
  </testcase> <!-- loginwithvaliduser -->
  <testcase classname="Guru99.TestingGuru" name="logout" time="0.0">
    <skipped/>
  </testcase> <!-- logout -->
</testsuite> <!-- Surefire test -->
